<?xml version="1.0" encoding="UTF-8"?>
<!-- Generated by org.testng.reporters.JUnitReportReporter -->
<testsuite hostname="DESKTOP-T4MFR2V" failures="0" tests="1" name="POM.PageObjectModelTwelveAmBatch.Sample" time="7.572" errors="0" timestamp="02 May 2023 06:55:16 GMT" skipped="0">
  <testcase classname="POM.PageObjectModelTwelveAmBatch.Sample" name="sample" time="7.572"/>
</testsuite> <!-- POM.PageObjectModelTwelveAmBatch.Sample -->
