<?xml version="1.0" encoding="UTF-8"?>
<!-- Generated by org.testng.reporters.JUnitReportReporter -->
<testsuite hostname="DESKTOP-T4MFR2V" failures="0" tests="1" name="OrangeHrm.pages.LoginPageTestCase" time="9.914" errors="0" timestamp="05 May 2023 06:43:42 GMT" skipped="0">
  <testcase classname="OrangeHrm.pages.LoginPageTestCase" name="testcase" time="9.914"/>
</testsuite> <!-- OrangeHrm.pages.LoginPageTestCase -->
